Unity Editor version:    2021.3.34f1 (25266724e7bd)
Branch:                  2021.3/staging
Build type:              Release
Batch mode:              YES
macOS version:           Version 14.4.1 (Build 23E224)
Darwin version:          23.4.0
Architecture:            arm64
Running under Rosetta:   NO
Available memory:        8192 MB
Using pre-set license
Pro License: YES

COMMAND LINE ARGUMENTS:
/Applications/Unity/Hub/Editor/2021.3.34f1/Unity.app/Contents/MacOS/Unity
-adb2
-batchMode
-noUpm
-name
AssetImportWorker6
-projectPath
/Users/eefje/Documents/repository/hci-group-10/FPS game - PC
-logFile
Logs/AssetImportWorker6.log
-srvPort
57532
Successfully changed project path to: /Users/eefje/Documents/repository/hci-group-10/FPS game - PC
/Users/eefje/Documents/repository/hci-group-10/FPS game - PC
[UnityMemory] Configuration Parameters - Can be set up in boot.config
    "memorysetup-bucket-allocator-granularity=16"
    "memorysetup-bucket-allocator-bucket-count=8"
    "memorysetup-bucket-allocator-block-size=33554432"
    "memorysetup-bucket-allocator-block-count=8"
    "memorysetup-main-allocator-block-size=16777216"
    "memorysetup-thread-allocator-block-size=16777216"
    "memorysetup-gfx-main-allocator-block-size=16777216"
    "memorysetup-gfx-thread-allocator-block-size=16777216"
    "memorysetup-cache-allocator-block-size=4194304"
    "memorysetup-typetree-allocator-block-size=2097152"
    "memorysetup-profiler-bucket-allocator-granularity=16"
    "memorysetup-profiler-bucket-allocator-bucket-count=8"
    "memorysetup-profiler-bucket-allocator-block-size=33554432"
    "memorysetup-profiler-bucket-allocator-block-count=8"
    "memorysetup-profiler-allocator-block-size=16777216"
    "memorysetup-profiler-editor-allocator-block-size=1048576"
    "memorysetup-temp-allocator-size-main=16777216"
    "memorysetup-job-temp-allocator-block-size=2097152"
    "memorysetup-job-temp-allocator-block-size-background=1048576"
    "memorysetup-job-temp-allocator-reduction-small-platforms=262144"
    "memorysetup-temp-allocator-size-background-worker=32768"
    "memorysetup-temp-allocator-size-job-worker=262144"
    "memorysetup-temp-allocator-size-preload-manager=33554432"
    "memorysetup-temp-allocator-size-nav-mesh-worker=65536"
    "memorysetup-temp-allocator-size-audio-worker=65536"
    "memorysetup-temp-allocator-size-cloud-worker=32768"
    "memorysetup-temp-allocator-size-gi-baking-worker=262144"
    "memorysetup-temp-allocator-size-gfx=262144"
Player connection [8430172864] Host "[IP] 10.0.5.27 [Port] 0 [Flags] 2 [Guid] 1454973806 [EditorId] 1454973806 [Version] 1048832 [Id] OSXEditor(0,macbook-air.home) [Debug] 1 [PackageName] OSXEditor [ProjectName] Editor" joined multi-casting on [225.0.0.222:54997]...

Player connection [8430172864] Host "[IP] 10.0.5.27 [Port] 0 [Flags] 2 [Guid] 1454973806 [EditorId] 1454973806 [Version] 1048832 [Id] OSXEditor(0,macbook-air.home) [Debug] 1 [PackageName] OSXEditor [ProjectName] Editor" joined alternative multi-casting on [225.0.0.222:34997]...

[Physics::Module] Initialized MultithreadedJobDispatcher with {0} workers.
Refreshing native plugins compatible for Editor in 179.30 ms, found 2 plugins.
Preloading 0 native plugins for Editor in 0.00 ms.
Initialize engine version: 2021.3.34f1 (25266724e7bd)
[Subsystems] Discovering subsystems at path /Applications/Unity/Hub/Editor/2021.3.34f1/Unity.app/Contents/Resources/UnitySubsystems
[Subsystems] Discovering subsystems at path /Users/eefje/Documents/repository/hci-group-10/FPS game - PC/Assets
GfxDevice: creating device client; threaded=0; jobified=0
 preferred device: Apple M2 (high power)
Metal devices available: 1
0: Apple M2 (high power)
Using device Apple M2 (high power)
Initializing Metal device caps: Apple M2
Initialize mono
Mono path[0] = '/Applications/Unity/Hub/Editor/2021.3.34f1/Unity.app/Contents/Managed'
Mono path[1] = '/Applications/Unity/Hub/Editor/2021.3.34f1/Unity.app/Contents/MonoBleedingEdge/lib/mono/unityjit-macos'
Mono config path = '/Applications/Unity/Hub/Editor/2021.3.34f1/Unity.app/Contents/MonoBleedingEdge/etc'
Using monoOptions --debugger-agent=transport=dt_socket,embedding=1,server=y,suspend=n,address=127.0.0.1:56572
Begin MonoManager ReloadAssembly
Registering precompiled unity dll's ...
Register platform support module: /Applications/Unity/Hub/Editor/2021.3.34f1/Unity.app/Contents/PlaybackEngines/MacStandaloneSupport/UnityEditor.OSXStandalone.Extensions.dll
Registered in 0.001143 seconds.
Native extension for OSXStandalone target not found
Refreshing native plugins compatible for Editor in 83.92 ms, found 2 plugins.
Preloading 0 native plugins for Editor in 0.00 ms.
Mono: successfully reloaded assembly
- Completed reload, in  0.450 seconds
Domain Reload Profiling:
	ReloadAssembly (451ms)
		BeginReloadAssembly (76ms)
			ExecutionOrderSort (0ms)
			DisableScriptedObjects (0ms)
			BackupInstance (0ms)
			ReleaseScriptingObjects (0ms)
			CreateAndSetChildDomain (1ms)
		EndReloadAssembly (319ms)
			LoadAssemblies (77ms)
			RebuildTransferFunctionScriptingTraits (1ms)
			SetupTypeCache (73ms)
			ReleaseScriptCaches (0ms)
			RebuildScriptCaches (19ms)
			SetupLoadedEditorAssemblies (199ms)
				LogAssemblyErrors (0ms)
				InitializePlatformSupportModulesInManaged (3ms)
				SetLoadedEditorAssemblies (0ms)
				RefreshPlugins (84ms)
				BeforeProcessingInitializeOnLoad (1ms)
				ProcessInitializeOnLoadAttributes (87ms)
				ProcessInitializeOnLoadMethodAttributes (24ms)
				AfterProcessingInitializeOnLoad (0ms)
				EditorAssembliesLoaded (0ms)
			ExecutionOrderSort2 (0ms)
			AwakeInstancesAfterBackupRestoration (0ms)
Platform modules already initialized, skipping
Registering precompiled user dll's ...
Registered in 0.007998 seconds.
Begin MonoManager ReloadAssembly
Native extension for OSXStandalone target not found
Refreshing native plugins compatible for Editor in 85.13 ms, found 2 plugins.
Preloading 0 native plugins for Editor in 0.00 ms.
Package Manager log level set to [2]
[Package Manager] Server::EnsureServerProcessIsRunning -- launch failed, reason: Unity was launched with the -noUpm command-line argument
[Package Manager] Cannot connect to Unity Package Manager local server
Mono: successfully reloaded assembly
- Completed reload, in  1.201 seconds
Domain Reload Profiling:
	ReloadAssembly (1201ms)
		BeginReloadAssembly (98ms)
			ExecutionOrderSort (0ms)
			DisableScriptedObjects (6ms)
			BackupInstance (0ms)
			ReleaseScriptingObjects (0ms)
			CreateAndSetChildDomain (34ms)
		EndReloadAssembly (1044ms)
			LoadAssemblies (80ms)
			RebuildTransferFunctionScriptingTraits (0ms)
			SetupTypeCache (197ms)
			ReleaseScriptCaches (1ms)
			RebuildScriptCaches (42ms)
			SetupLoadedEditorAssemblies (713ms)
				LogAssemblyErrors (0ms)
				InitializePlatformSupportModulesInManaged (1ms)
				SetLoadedEditorAssemblies (0ms)
				RefreshPlugins (85ms)
				BeforeProcessingInitializeOnLoad (67ms)
				ProcessInitializeOnLoadAttributes (521ms)
				ProcessInitializeOnLoadMethodAttributes (38ms)
				AfterProcessingInitializeOnLoad (1ms)
				EditorAssembliesLoaded (0ms)
			ExecutionOrderSort2 (0ms)
			AwakeInstancesAfterBackupRestoration (2ms)
Platform modules already initialized, skipping
========================================================================
Worker process is ready to serve import requests
Launching external process: /Applications/Unity/Hub/Editor/2021.3.34f1/Unity.app/Contents/Tools/UnityShaderCompiler
Launched and connected shader compiler UnityShaderCompiler after 0.19 seconds
Refreshing native plugins compatible for Editor in 0.61 ms, found 2 plugins.
Preloading 0 native plugins for Editor in 0.00 ms.
Unloading 5532 Unused Serialized files (Serialized files now loaded: 0)
Unloading 38 unused Assets / (0.7 MB). Loaded Objects now: 5985.
Memory consumption went from 219.0 MB to 218.2 MB.
Total: 3.611833 ms (FindLiveObjects: 0.207250 ms CreateObjectMapping: 0.099791 ms MarkObjects: 2.959709 ms  DeleteObjects: 0.344667 ms)

AssetImportParameters requested are different than current active one (requested -> active):
  custom:video-decoder-ogg-theora: a1e56fd34408186e4bbccfd4996cb3dc -> 
  custom:container-muxer-webm: aa71ff27fc2769a1b78a27578f13a17b -> 
  custom:container-demuxer-webm: 4f35f7cbe854078d1ac9338744f61a02 -> 
  custom:video-encoder-webm-vp8: eb34c28f22e8b96e1ab97ce403110664 -> 
  custom:framework-osx-AVFoundation: e770b220cccbd017edd2c1fefb359320 -> 
  custom:CustomObjectIndexerAttribute: 6b0e35c9178b02a6363f3721b7b8e397 -> 
  custom:audio-encoder-webm-vorbis: bf7c407c2cedff20999df2af8eb42d56 -> 
  custom:SearchIndexIgnoredProperties: e643bd26f0fe6173181afceb89e7c659 -> 
  custom:container-demuxer-ogg: 62fdf1f143b41e24485cea50d1cbac27 -> 
  custom:video-decoder-webm-vp8: 9c59270c3fd7afecdb556c50c9e8de78 -> 
  custom:audio-decoder-ogg-vorbis: bf7c407c2cedff20999df2af8eb42d56 -> 
========================================================================
Received Import Request.
  Time since last request: 1201267.217667 seconds.
  path: Assets/FPS/Prefabs/Level/Dungeon/Dun_Corner.prefab
  artifactKey: Guid(1357d534d67e44349a4b7c67840165c7) Importer(815301076,1909f56bfc062723c751e8b465ee728b)
Number of updated assets reloaded before import = 0
Start importing Assets/FPS/Prefabs/Level/Dungeon/Dun_Corner.prefab using Guid(1357d534d67e44349a4b7c67840165c7) Importer(815301076,1909f56bfc062723c751e8b465ee728b)  -> (artifact id: '532298e5a3b243e6ab710371c9f858c4') in 0.420761 seconds 
Number of asset objects unloaded after import = 106
========================================================================
Received Import Request.
  Time since last request: 2.736913 seconds.
  path: Assets/FPS/Prefabs/Level/Floors/Floor_6x6.prefab
  artifactKey: Guid(e37fa63419b53f34f99d1b98fda16468) Importer(815301076,1909f56bfc062723c751e8b465ee728b)
Number of updated assets reloaded before import = 0
Start importing Assets/FPS/Prefabs/Level/Floors/Floor_6x6.prefab using Guid(e37fa63419b53f34f99d1b98fda16468) Importer(815301076,1909f56bfc062723c751e8b465ee728b)  -> (artifact id: '687fdd154dd0c1afdfa66dab082df04f') in 0.016676 seconds 
Number of asset objects unloaded after import = 362
========================================================================
Received Import Request.
  Time since last request: 0.000053 seconds.
  path: Assets/FPS/Prefabs/Level/Floors/Floor_Altar.prefab
  artifactKey: Guid(ff2889050d7d4414f98bf7a5cb0e54d7) Importer(815301076,1909f56bfc062723c751e8b465ee728b)
Number of updated assets reloaded before import = 0
Start importing Assets/FPS/Prefabs/Level/Floors/Floor_Altar.prefab using Guid(ff2889050d7d4414f98bf7a5cb0e54d7) Importer(815301076,1909f56bfc062723c751e8b465ee728b)  -> (artifact id: '1acb10e1f3dcec8cbfdfc4633953bbbb') in 0.010338 seconds 
Number of asset objects unloaded after import = 241
========================================================================
Received Import Request.
  Time since last request: 0.000059 seconds.
  path: Assets/FPS/Prefabs/Level/Floors/Floor_18x18.prefab
  artifactKey: Guid(7042f8fe21debc944b5bdc894f478d63) Importer(815301076,1909f56bfc062723c751e8b465ee728b)
Number of updated assets reloaded before import = 0
Start importing Assets/FPS/Prefabs/Level/Floors/Floor_18x18.prefab using Guid(7042f8fe21debc944b5bdc894f478d63) Importer(815301076,1909f56bfc062723c751e8b465ee728b)  -> (artifact id: '17f53cbd6954d217bd3e216bde1a14b8') in 0.046783 seconds 
Number of asset objects unloaded after import = 3321
========================================================================
Received Import Request.
  Time since last request: 4.770375 seconds.
  path: Assets/FPS/Prefabs/Level/Rooms/Room_Medium.prefab
  artifactKey: Guid(35af8bf2573f2d9458eb42510e2d6006) Importer(815301076,1909f56bfc062723c751e8b465ee728b)
Number of updated assets reloaded before import = 0
Start importing Assets/FPS/Prefabs/Level/Rooms/Room_Medium.prefab using Guid(35af8bf2573f2d9458eb42510e2d6006) Importer(815301076,1909f56bfc062723c751e8b465ee728b)  -> (artifact id: 'e9f0e08e792a3f9dbfb6a97ce427a0b5') in 0.012566 seconds 
Number of asset objects unloaded after import = 660
========================================================================
Received Import Request.
  Time since last request: 0.619912 seconds.
  path: Assets/FPS/Prefabs/Level/Ramps/Ramp_4m.prefab
  artifactKey: Guid(f70093c75e32a264898e984f4ba60c5a) Importer(815301076,1909f56bfc062723c751e8b465ee728b)
Number of updated assets reloaded before import = 0
Start importing Assets/FPS/Prefabs/Level/Ramps/Ramp_4m.prefab using Guid(f70093c75e32a264898e984f4ba60c5a) Importer(815301076,1909f56bfc062723c751e8b465ee728b)  -> (artifact id: 'dd8e37647b75257e3b19d2e00e8b3635') in 0.008743 seconds 
Number of asset objects unloaded after import = 19
========================================================================
Received Import Request.
  Time since last request: 7.214466 seconds.
  path: Assets/FPS/Prefabs/Level/Steps/HighStep_Double.prefab
  artifactKey: Guid(31ab3fc1638d09d4f945c081e2cd1f75) Importer(815301076,1909f56bfc062723c751e8b465ee728b)
Number of updated assets reloaded before import = 0
Start importing Assets/FPS/Prefabs/Level/Steps/HighStep_Double.prefab using Guid(31ab3fc1638d09d4f945c081e2cd1f75) Importer(815301076,1909f56bfc062723c751e8b465ee728b)  -> (artifact id: 'e22d9bcc2618e70355cad360b8aa74c6') in 0.010529 seconds 
Number of asset objects unloaded after import = 137
========================================================================
Received Import Request.
  Time since last request: 0.000035 seconds.
  path: Assets/FPS/Prefabs/Level/Steps/ShortSteps_Corner.prefab
  artifactKey: Guid(5e8e145d9b9fbd94da86fdb8ed2c0cb1) Importer(815301076,1909f56bfc062723c751e8b465ee728b)
Number of updated assets reloaded before import = 0
Start importing Assets/FPS/Prefabs/Level/Steps/ShortSteps_Corner.prefab using Guid(5e8e145d9b9fbd94da86fdb8ed2c0cb1) Importer(815301076,1909f56bfc062723c751e8b465ee728b)  -> (artifact id: '71492d551be39f03152ea59280666848') in 0.013148 seconds 
Number of asset objects unloaded after import = 213
========================================================================
Received Import Request.
  Time since last request: 0.744663 seconds.
  path: Assets/FPS/Prefabs/Level/Walls/Wall_4m.prefab
  artifactKey: Guid(7ba64c0944716c24f911914e2e6af7a4) Importer(815301076,1909f56bfc062723c751e8b465ee728b)
Number of updated assets reloaded before import = 0
Start importing Assets/FPS/Prefabs/Level/Walls/Wall_4m.prefab using Guid(7ba64c0944716c24f911914e2e6af7a4) Importer(815301076,1909f56bfc062723c751e8b465ee728b)  -> (artifact id: '6e79295913dc2342411355e264cd3971') in 0.008527 seconds 
Number of asset objects unloaded after import = 20
========================================================================
Received Import Request.
  Time since last request: 0.890026 seconds.
  path: Assets/FPS/Prefabs/Level/Stairwell/Stairs_Small.prefab
  artifactKey: Guid(7108e150085af0d4fb586ff1f856a7f2) Importer(815301076,1909f56bfc062723c751e8b465ee728b)
Number of updated assets reloaded before import = 0
Start importing Assets/FPS/Prefabs/Level/Stairwell/Stairs_Small.prefab using Guid(7108e150085af0d4fb586ff1f856a7f2) Importer(815301076,1909f56bfc062723c751e8b465ee728b)  -> (artifact id: 'c324935323901ee5f1c32ae17a595114') in 0.011027 seconds 
Number of asset objects unloaded after import = 112
Editor requested this worker to shutdown with reason: Scaling down because of idle timeout
AssetImportWorker is now disconnected from the server
Process exiting
